{"message":"Server running on port 8888","level":"info"}
{"message":"Server running on port 8888","level":"info"}
info: Server running on port 8888
info: Server running on port 8888
info: Server running on port 8888
info: Server running on port 8888
[2020-12-19T06:18:33.614Z]
[2020-12-19T06:18:59.833Z] info Server running on port 8888
[2020-12-19T06:23:32.168Z] info Server running on port 8888
[2020-12-19T06:24:16.733Z] info Server running on port 8888
[2020-12-19T06:24:49.172Z] info Server running on port 8888
[2020-12-19T06:24:49.297Z] info Database Connect
[2020-12-19T06:25:48.357Z] info Server running on port 8888
[2020-12-19T06:25:48.390Z] info Connection to redis OKE
[2020-12-19T06:25:48.483Z] info Database Connect
[2020-12-19T06:26:30.419Z] info Server running on port 8888
[2020-12-19T06:26:30.438Z] info Connection to redis OKE
[2020-12-19T06:26:30.552Z] info Database Connect
[2020-12-19T06:26:59.587Z] info Server running on port 8888
[2020-12-19T06:26:59.603Z] info Connection to redis OKE
[2020-12-19T06:26:59.712Z] info Database Connect
[2020-12-19T06:29:06.501Z] info Server running on port 8888
[2020-12-19T06:29:06.520Z] info Connection to redis OKE
[2020-12-19T06:29:06.616Z] info Database Connect
[2020-12-19T06:32:03.208Z] info Server running on port 8888
[2020-12-19T06:32:03.236Z] info Connection to redis OKE
[2020-12-19T06:32:03.337Z] info Database Connect
[2020-12-19T06:36:05.811Z] info Server running on port 8888
[2020-12-19T06:36:05.840Z] info Connection to redis OKE
[2020-12-19T06:36:05.926Z] info Database Connect
[2020-12-19T06:46:09.716Z] info Server running on port 8888
[2020-12-19T06:46:09.736Z] info Connection to redis OKE
[2020-12-19T06:46:09.837Z] info Database Connect
[2020-12-19T06:52:19.692Z] info Server running on port 8888
[2020-12-19T06:52:19.723Z] info Connection to redis OKE
[2020-12-19T06:52:19.818Z] info Database Connect
[2020-12-19T06:53:31.179Z] info Server running on port 8888
[2020-12-19T06:53:31.239Z] info Connection to redis OKE
[2020-12-19T06:53:31.401Z] info Database Connect
[2020-12-19T06:56:10.207Z] info Server running on port 8888
[2020-12-19T06:56:10.240Z] info Connection to redis OKE
[2020-12-19T06:56:10.352Z] info Database Connect
[2020-12-19T07:05:10.485Z] info Server running on port 8888
[2020-12-19T07:05:10.500Z] info Connection to redis OKE
[2020-12-19T07:05:10.595Z] info Database Connect
[2020-12-19T07:05:30.005Z] info Server running on port 8888
[2020-12-19T07:05:30.040Z] info Connection to redis OKE
[2020-12-19T07:05:30.191Z] info Database Connect
[2020-12-19T07:05:38.907Z] info Server running on port 8888
[2020-12-19T07:05:38.926Z] info Connection to redis OKE
[2020-12-19T07:05:39.026Z] info Database Connect
[2020-12-19T07:08:04.313Z] info Server running on port 8888
[2020-12-19T07:08:04.348Z] info Connection to redis OKE
[2020-12-19T07:08:04.599Z] info Database Connect
[2020-12-19T14:53:14.595Z] info Server running on port 8888
[2020-12-19T14:53:14.655Z] info Connection to redis OKE
[2020-12-19T14:53:14.846Z] info Database Connect
[2020-12-19T15:34:23.329Z] info Server running on port 8888
[2020-12-19T15:34:23.356Z] info Connection to redis OKE
[2020-12-19T15:34:23.474Z] info Database Connect
[2020-12-19T15:36:12.565Z] info Server running on port 8888
[2020-12-19T15:36:12.595Z] info Connection to redis OKE
[2020-12-19T15:36:12.703Z] info Database Connect
[2020-12-19T15:36:19.526Z] info Server running on port 8888
[2020-12-19T15:36:19.561Z] info Connection to redis OKE
[2020-12-19T15:36:19.818Z] info Database Connect
[2020-12-19T15:41:15.564Z] info Server running on port 8888
[2020-12-19T15:41:15.600Z] info Connection to redis OKE
[2020-12-19T15:41:15.698Z] info Database Connect
[2020-12-19T15:41:25.841Z] info Server running on port 8888
[2020-12-19T15:41:25.870Z] info Connection to redis OKE
[2020-12-19T15:41:25.977Z] info Database Connect
[2020-12-19T15:42:18.545Z] info Server running on port 8888
[2020-12-19T15:42:18.560Z] info Connection to redis OKE
[2020-12-19T15:42:18.733Z] info Database Connect
[2020-12-19T15:42:39.942Z] info Server running on port 8888
[2020-12-19T15:42:39.968Z] info Connection to redis OKE
[2020-12-19T15:42:40.140Z] info Database Connect
[2020-12-19T15:43:00.934Z] info Server running on port 8888
[2020-12-19T15:43:00.968Z] info Connection to redis OKE
[2020-12-19T15:43:01.207Z] info Database Connect
[2020-12-19T15:43:55.722Z] info Server running on port 8888
[2020-12-19T15:43:55.746Z] info Connection to redis OKE
[2020-12-19T15:43:56.015Z] info Database Connect
[2020-12-19T15:44:40.096Z] info Server running on port 8888
[2020-12-19T15:44:40.119Z] info Connection to redis OKE
[2020-12-19T15:44:40.355Z] info Database Connect
[2020-12-19T15:44:53.260Z] info Server running on port 8888
[2020-12-19T15:44:53.290Z] info Connection to redis OKE
[2020-12-19T15:44:53.527Z] info Database Connect
[2020-12-19T15:46:35.581Z] info Server running on port 8888
[2020-12-19T15:46:35.606Z] info Connection to redis OKE
[2020-12-19T15:46:35.793Z] info Database Connect
[2020-12-19T15:46:54.377Z] info username salah
[2020-12-19T15:47:05.580Z] info username salah
[2020-12-19T15:47:26.947Z] info username salah
[2020-12-19T15:47:44.766Z] info username salah
[2020-12-19T15:48:30.612Z] info username salah
[2020-12-19T15:48:37.194Z] info Server running on port 8888
[2020-12-19T15:48:37.225Z] info Connection to redis OKE
[2020-12-19T15:48:37.355Z] info Database Connect
[2020-12-19T15:48:43.900Z] info Server running on port 8888
[2020-12-19T15:48:43.921Z] info Connection to redis OKE
[2020-12-19T15:48:44.051Z] info Database Connect
[2020-12-19T15:49:27.898Z] info username salah
[2020-12-19T15:49:56.715Z] info Server running on port 8888
[2020-12-19T15:49:56.786Z] info Connection to redis OKE
[2020-12-19T15:49:57.063Z] info Database Connect
[2020-12-19T15:55:29.901Z] info Server running on port 8888
[2020-12-19T15:55:29.933Z] info Connection to redis OKE
[2020-12-19T15:55:30.040Z] info Database Connect
[2020-12-19T15:55:57.094Z] info Server running on port 8888
[2020-12-19T15:55:57.129Z] info Connection to redis OKE
[2020-12-19T15:55:57.294Z] info Database Connect
[2020-12-19T15:56:38.460Z] info Server running on port 8888
[2020-12-19T15:56:38.485Z] info Connection to redis OKE
[2020-12-19T15:56:38.694Z] info Database Connect
[2020-12-19T15:58:23.068Z] info Server running on port 8888
[2020-12-19T15:58:23.134Z] info Connection to redis OKE
[2020-12-19T15:58:23.313Z] info Database Connect
[2020-12-19T16:02:06.906Z] info Server running on port 8888
[2020-12-19T16:02:06.954Z] info Connection to redis OKE
[2020-12-19T16:02:07.139Z] info Database Connect
[2020-12-19T16:03:28.568Z] info Server running on port 8888
[2020-12-19T16:03:28.583Z] info Connection to redis OKE
[2020-12-19T16:03:28.691Z] info Database Connect
[2020-12-19T16:03:41.564Z] info Server running on port 8888
[2020-12-19T16:03:41.584Z] info Connection to redis OKE
[2020-12-19T16:03:41.694Z] info Database Connect
[2020-12-19T16:33:29.986Z] info Server running on port 8888
[2020-12-19T16:33:30.036Z] info Connection to redis OKE
[2020-12-19T16:33:30.168Z] info Database Connect
[2020-12-19T17:19:52.131Z] info Server running on port 8888
[2020-12-19T17:19:52.179Z] info Connection to redis OKE
[2020-12-19T17:19:52.355Z] info Database Connect
[2020-12-19T17:19:54.954Z] info Server running on port 8888
[2020-12-19T17:19:54.988Z] info Connection to redis OKE
[2020-12-19T17:19:55.095Z] info Database Connect
[2020-12-19T17:37:57.107Z] info Server running on port 8888
[2020-12-19T17:37:57.126Z] info Connection to redis OKE
[2020-12-19T17:37:57.362Z] info Database Connect
[2020-12-19T17:38:26.374Z] info Server running on port 8888
[2020-12-19T17:38:26.402Z] info Connection to redis OKE
[2020-12-19T17:38:26.507Z] info Database Connect
[2020-12-19T17:38:31.996Z] info Server running on port 8888
[2020-12-19T17:38:32.131Z] info Connection to redis OKE
[2020-12-19T17:38:32.257Z] info Database Connect
[2020-12-19T17:38:49.795Z] warn Error jwt expired
[2020-12-19T19:08:22.012Z] info Server running on port 8888
[2020-12-19T19:08:22.063Z] info Connection to redis OKE
[2020-12-19T19:08:22.458Z] info Database Connect
[2020-12-19T19:09:20.593Z] warn Error jwt expired
[2020-12-19T19:11:06.634Z] warn Error jwt expired
[2020-12-19T19:12:23.265Z] info Server running on port 8888
[2020-12-19T19:12:23.306Z] info Connection to redis OKE
[2020-12-19T19:12:23.664Z] info Database Connect
[2020-12-19T19:14:14.013Z] info Server running on port 8888
[2020-12-19T19:14:14.048Z] info Connection to redis OKE
[2020-12-19T19:14:14.167Z] info Database Connect
[2020-12-19T19:15:08.344Z] info Server running on port 8888
[2020-12-19T19:15:08.375Z] info Connection to redis OKE
[2020-12-19T19:15:09.278Z] info Database Connect
[2020-12-19T19:15:12.364Z] info get all users succes
[2020-12-19T19:15:27.061Z] info Server running on port 8888
[2020-12-19T19:15:27.080Z] info Connection to redis OKE
[2020-12-19T19:15:27.289Z] info Database Connect
[2020-12-19T19:15:31.652Z] info Server running on port 8888
[2020-12-19T19:15:31.697Z] info Connection to redis OKE
[2020-12-19T19:15:31.958Z] info Database Connect
[2020-12-19T19:15:32.065Z] info get all users success
[2020-12-19T19:15:51.400Z] info Server running on port 8888
[2020-12-19T19:15:51.421Z] info Connection to redis OKE
[2020-12-19T19:15:51.626Z] info Database Connect
[2020-12-19T19:15:51.895Z] info get all users success
[2020-12-19T19:16:45.453Z] info Server running on port 8888
[2020-12-19T19:16:45.478Z] info Connection to redis OKE
[2020-12-19T19:16:45.595Z] info Database Connect
[2020-12-19T19:17:27.403Z] info get all users success
[2020-12-19T19:17:45.127Z] warn username has been registered
[2020-12-19T19:18:03.815Z] info get all users success
[2020-12-19T19:19:19.049Z] info Server running on port 8888
[2020-12-19T19:19:19.092Z] info Connection to redis OKE
[2020-12-19T19:19:19.268Z] info Database Connect
[2020-12-19T19:19:50.323Z] info Server running on port 8888
[2020-12-19T19:19:50.394Z] info Connection to redis OKE
[2020-12-19T19:19:51.730Z] info Database Connect
[2020-12-19T19:19:52.934Z] info Server running on port 8888
[2020-12-19T19:19:52.964Z] info Connection to redis OKE
[2020-12-19T19:19:53.064Z] info Database Connect
[2020-12-19T19:20:43.373Z] info Server running on port 8888
[2020-12-19T19:20:43.388Z] info Connection to redis OKE
[2020-12-19T19:20:43.561Z] info Database Connect
[2020-12-19T19:20:58.067Z] info Server running on port 8888
[2020-12-19T19:20:58.097Z] info Connection to redis OKE
[2020-12-19T19:20:58.246Z] info Database Connect
[2020-12-19T19:21:15.550Z] info Server running on port 8888
[2020-12-19T19:21:15.577Z] info Connection to redis OKE
[2020-12-19T19:21:15.682Z] info Database Connect
[2020-12-19T19:21:29.715Z] info Server running on port 8888
[2020-12-19T19:21:29.732Z] info Connection to redis OKE
[2020-12-19T19:21:29.850Z] info Database Connect
[2020-12-19T19:24:58.014Z] info Server running on port 8888
[2020-12-19T19:24:58.037Z] info Connection to redis OKE
[2020-12-19T19:24:58.147Z] info Database Connect
[2020-12-20T05:39:54.977Z] info Server running on port 8888
[2020-12-20T05:39:55.059Z] info Connection to redis OKE
[2020-12-20T05:39:55.209Z] info Database Connect
[2020-12-20T05:42:28.457Z] info Server running on port 8888
[2020-12-20T05:42:28.474Z] info Connection to redis OKE
[2020-12-20T05:42:28.590Z] info Database Connect
[2020-12-20T05:42:32.071Z] info Server running on port 8888
[2020-12-20T05:42:32.097Z] info Connection to redis OKE
[2020-12-20T05:42:32.181Z] info Database Connect
[2020-12-20T05:42:37.219Z] info Server running on port 8888
[2020-12-20T05:42:37.233Z] info Connection to redis OKE
[2020-12-20T05:42:37.334Z] info Database Connect
[2020-12-20T05:45:01.819Z] info get all users success
[2020-12-20T05:45:59.005Z] info Server running on port 8888
[2020-12-20T05:45:59.026Z] info Connection to redis OKE
[2020-12-20T05:45:59.126Z] info Database Connect
[2020-12-20T05:46:46.671Z] info Server running on port 8888
[2020-12-20T05:46:46.697Z] info Connection to redis OKE
[2020-12-20T05:46:46.796Z] info Database Connect
[2020-12-20T05:47:26.536Z] info Server running on port 8888
[2020-12-20T05:47:26.553Z] info Connection to redis OKE
[2020-12-20T05:47:26.654Z] info Database Connect
[2020-12-20T05:47:37.601Z] info Server running on port 8888
[2020-12-20T05:47:37.632Z] info Connection to redis OKE
[2020-12-20T05:47:37.732Z] info Database Connect
[2020-12-20T05:47:41.594Z] info get all product success
[2020-12-20T05:48:39.481Z] info Server running on port 8888
[2020-12-20T05:48:39.556Z] info Connection to redis OKE
[2020-12-20T05:48:39.772Z] info Database Connect
[2020-12-20T05:49:12.142Z] info Server running on port 8888
[2020-12-20T05:49:12.157Z] info Connection to redis OKE
[2020-12-20T05:49:12.249Z] info Database Connect
[2020-12-20T05:49:23.955Z] info Server running on port 8888
[2020-12-20T05:49:23.976Z] info Connection to redis OKE
[2020-12-20T05:49:24.069Z] info Database Connect
[2020-12-20T05:49:35.930Z] info Server running on port 8888
[2020-12-20T05:49:35.954Z] info Connection to redis OKE
[2020-12-20T05:49:36.054Z] info Database Connect
[2020-12-20T05:49:48.096Z] info Server running on port 8888
[2020-12-20T05:49:48.121Z] info Connection to redis OKE
[2020-12-20T05:49:48.235Z] info Database Connect
[2020-12-20T05:50:06.296Z] info Server running on port 8888
[2020-12-20T05:50:06.311Z] info Connection to redis OKE
[2020-12-20T05:50:06.412Z] info Database Connect
[2020-12-20T05:50:14.414Z] info Server running on port 8888
[2020-12-20T05:50:14.441Z] info Connection to redis OKE
[2020-12-20T05:50:14.542Z] info Database Connect
[2020-12-20T05:51:09.769Z] info delete id success
[2020-12-20T05:51:18.917Z] info get all users success
[2020-12-20T05:51:40.834Z] warn delete id failed
[2020-12-20T05:52:10.356Z] info delete product with id success
[2020-12-20T05:52:14.409Z] warn delete product with id failed
[2020-12-20T05:52:51.553Z] info Server running on port 8888
[2020-12-20T05:52:51.566Z] info Connection to redis OKE
[2020-12-20T05:52:51.690Z] info Database Connect
[2020-12-20T05:53:00.533Z] info Server running on port 8888
[2020-12-20T05:53:00.562Z] info Connection to redis OKE
[2020-12-20T05:53:00.668Z] info Database Connect
[2020-12-20T05:53:51.973Z] info Server running on port 8888
[2020-12-20T05:53:52.082Z] info Connection to redis OKE
[2020-12-20T05:53:52.245Z] info Database Connect
[2020-12-20T05:53:57.596Z] info get all product success
[2020-12-20T05:54:16.658Z] info Server running on port 8888
[2020-12-20T05:54:16.682Z] info Connection to redis OKE
[2020-12-20T05:54:16.780Z] info Database Connect
[2020-12-20T05:54:21.456Z] info Server running on port 8888
[2020-12-20T05:54:21.477Z] info Connection to redis OKE
[2020-12-20T05:54:21.585Z] info Database Connect
[2020-12-20T05:55:16.764Z] info Server running on port 8888
[2020-12-20T05:55:16.778Z] info Connection to redis OKE
[2020-12-20T05:55:16.887Z] info Database Connect
[2020-12-20T05:55:21.425Z] info get all product success
[2020-12-20T05:56:04.063Z] info Server running on port 8888
[2020-12-20T05:56:04.083Z] info Connection to redis OKE
[2020-12-20T05:56:04.175Z] info Database Connect
[2020-12-20T05:56:16.639Z] info Server running on port 8888
[2020-12-20T05:56:16.657Z] info Connection to redis OKE
[2020-12-20T05:56:16.752Z] info Database Connect
[2020-12-20T05:56:26.696Z] info Server running on port 8888
[2020-12-20T05:56:26.714Z] info Connection to redis OKE
[2020-12-20T05:56:26.811Z] info Database Connect
[2020-12-20T05:56:35.293Z] info Server running on port 8888
[2020-12-20T05:56:35.317Z] info Connection to redis OKE
[2020-12-20T05:56:35.414Z] info Database Connect
[2020-12-20T05:56:39.915Z] info Server running on port 8888
[2020-12-20T05:56:39.934Z] info Connection to redis OKE
[2020-12-20T05:56:40.030Z] info Database Connect
[2020-12-20T05:56:46.687Z] warn delete product with id failed
[2020-12-20T05:56:57.569Z] info Server running on port 8888
[2020-12-20T05:56:57.608Z] info Connection to redis OKE
[2020-12-20T05:56:57.711Z] info Database Connect
[2020-12-20T05:56:58.101Z] warn delete product with id failed
[2020-12-20T05:57:30.225Z] info Server running on port 8888
[2020-12-20T05:57:30.255Z] info Connection to redis OKE
[2020-12-20T05:57:30.353Z] info Database Connect
[2020-12-20T05:57:31.031Z] warn id not found
[2020-12-20T05:57:57.081Z] info Server running on port 8888
[2020-12-20T05:57:57.151Z] info Connection to redis OKE
[2020-12-20T05:57:57.256Z] info Database Connect
[2020-12-20T05:57:58.104Z] warn id not found
[2020-12-20T05:58:22.601Z] info Check Data
[2020-12-20T05:58:48.850Z] info Server running on port 8888
[2020-12-20T05:58:48.886Z] info Connection to redis OKE
[2020-12-20T05:58:49.045Z] info Database Connect
[2020-12-20T05:59:43.854Z] info Server running on port 8888
[2020-12-20T05:59:43.878Z] info Connection to redis OKE
[2020-12-20T05:59:43.991Z] info Database Connect
[2020-12-20T05:59:54.368Z] info 24
[2020-12-20T05:59:55.830Z] info get all product success
[2020-12-20T06:00:39.343Z] info Server running on port 8888
[2020-12-20T06:00:39.360Z] info Connection to redis OKE
[2020-12-20T06:00:39.465Z] info Database Connect
[2020-12-20T06:01:04.483Z] info Server running on port 8888
[2020-12-20T06:01:04.504Z] info Connection to redis OKE
[2020-12-20T06:01:04.607Z] info Database Connect
[2020-12-20T06:01:39.416Z] info Server running on port 8888
[2020-12-20T06:01:39.434Z] info Connection to redis OKE
[2020-12-20T06:01:39.582Z] info Database Connect
[2020-12-20T06:01:48.832Z] info Server running on port 8888
[2020-12-20T06:01:48.866Z] info Connection to redis OKE
[2020-12-20T06:01:48.977Z] info Database Connect
[2020-12-20T06:02:45.217Z] info Server running on port 8888
[2020-12-20T06:02:45.252Z] info Connection to redis OKE
[2020-12-20T06:02:45.362Z] info Database Connect
[2020-12-20T06:02:58.751Z] info Server running on port 8888
[2020-12-20T06:02:58.803Z] info Connection to redis OKE
[2020-12-20T06:02:58.916Z] info Database Connect
[2020-12-20T06:03:06.474Z] info username not registered
[2020-12-20T06:03:46.114Z] info Server running on port 8888
[2020-12-20T06:03:46.129Z] info Connection to redis OKE
[2020-12-20T06:03:46.251Z] info Database Connect
[2020-12-20T06:04:13.346Z] info Server running on port 8888
[2020-12-20T06:04:13.378Z] info Connection to redis OKE
[2020-12-20T06:04:13.527Z] info Database Connect
[2020-12-20T06:04:25.481Z] info Server running on port 8888
[2020-12-20T06:04:25.511Z] info Connection to redis OKE
[2020-12-20T06:04:25.627Z] info Database Connect
[2020-12-20T06:04:28.914Z] warn check password
[2020-12-20T06:04:54.145Z] info Server running on port 8888
[2020-12-20T06:04:54.163Z] info Connection to redis OKE
[2020-12-20T06:04:54.262Z] info Database Connect
[2020-12-20T06:05:34.504Z] info Server running on port 8888
[2020-12-20T06:05:34.531Z] info Connection to redis OKE
[2020-12-20T06:05:34.629Z] info Database Connect
[2020-12-20T06:05:56.797Z] info Server running on port 8888
[2020-12-20T06:05:56.818Z] info Connection to redis OKE
[2020-12-20T06:05:56.930Z] info Database Connect
[2020-12-20T06:06:03.503Z] info Server running on port 8888
[2020-12-20T06:06:03.525Z] info Connection to redis OKE
[2020-12-20T06:06:03.637Z] info Database Connect
[2020-12-20T06:06:42.089Z] info Server running on port 8888
[2020-12-20T06:06:42.117Z] info Connection to redis OKE
[2020-12-20T06:06:42.251Z] info Database Connect
[2020-12-20T06:07:08.871Z] info Server running on port 8888
[2020-12-20T06:07:08.892Z] info Connection to redis OKE
[2020-12-20T06:07:09.013Z] info Database Connect
[2020-12-20T06:07:10.934Z] info get all product success
[2020-12-20T06:07:14.740Z] info get all product by redis success
[2020-12-20T06:07:57.161Z] info Server running on port 8888
[2020-12-20T06:07:57.176Z] info Connection to redis OKE
[2020-12-20T06:07:57.288Z] info Database Connect
[2020-12-20T06:07:59.698Z] info get all product by redis success
[2020-12-20T06:11:08.936Z] info Server running on port 8888
[2020-12-20T06:11:08.953Z] info Connection to redis OKE
[2020-12-20T06:11:09.050Z] info Database Connect
[2020-12-20T06:11:25.727Z] info Server running on port 8888
[2020-12-20T06:11:25.754Z] info Connection to redis OKE
[2020-12-20T06:11:25.869Z] info Database Connect
[2020-12-20T06:11:31.420Z] warn check password
[2020-12-20T06:11:44.114Z] info login success
[2020-12-20T06:13:01.260Z] info Server running on port 8888
[2020-12-20T06:13:01.280Z] info Connection to redis OKE
[2020-12-20T06:13:01.372Z] info Database Connect
[2020-12-20T06:13:35.252Z] info get all users success
[2020-12-20T06:13:40.039Z] info username has been registered
[2020-12-20T06:14:11.383Z] info Server running on port 8888
[2020-12-20T06:14:11.409Z] info Connection to redis OKE
[2020-12-20T06:14:11.514Z] info Database Connect
[2020-12-20T06:14:12.605Z] warn username has been registered
[2020-12-20T06:20:11.116Z] info update product success
[2020-12-20T06:20:16.851Z] info get all product by postgreSQL success
[2020-12-20T06:26:36.163Z] info get all product by postgreSQL success
[2020-12-20T06:27:27.757Z] info get all product by redis success
[2020-12-20T06:41:20.118Z] info Server running on port 8888
[2020-12-20T06:41:20.207Z] info Connection to redis OKE
[2020-12-20T06:41:20.534Z] info Database Connect
[2020-12-20T06:41:23.869Z] warn Check Parameter
[2020-12-20T06:42:12.020Z] info Server running on port 8888
[2020-12-20T06:42:12.038Z] info Connection to redis OKE
[2020-12-20T06:42:12.172Z] info Database Connect
[2020-12-20T06:42:14.009Z] warn Check URL
[2020-12-20T06:42:59.133Z] info Server running on port 8888
[2020-12-20T06:42:59.156Z] info Connection to redis OKE
[2020-12-20T06:42:59.262Z] info Database Connect
[2020-12-20T06:43:12.175Z] info Server running on port 8888
[2020-12-20T06:43:12.199Z] info Connection to redis OKE
[2020-12-20T06:43:12.352Z] info Database Connect
[2020-12-20T06:43:24.721Z] info get all product by postgreSQL success
[2020-12-20T06:48:46.403Z] warn login first
[2020-12-20T06:48:46.666Z] warn Check URL
[2020-12-20T06:48:56.355Z] info get all product by postgreSQL success
[2020-12-20T06:49:33.779Z] info set token succes
[2020-12-20T06:49:33.780Z] info login success
[2020-12-20T06:49:47.997Z] info get all product by redis success
[2020-12-20T06:49:51.699Z] warn login first
[2020-12-20T06:49:51.754Z] warn Check URL
[2020-12-20T06:50:21.809Z] info get all product by postgreSQL success
[2020-12-20T06:50:25.752Z] warn login first
[2020-12-20T06:50:25.798Z] warn Check URL
[2020-12-20T06:50:27.183Z] warn login first
[2020-12-20T06:50:27.220Z] warn Check URL
[2020-12-20T06:50:27.328Z] warn login first
[2020-12-20T06:50:27.365Z] warn Check URL
[2020-12-20T06:50:27.463Z] warn login first
[2020-12-20T06:50:27.499Z] warn Check URL
[2020-12-20T06:50:27.598Z] warn login first
[2020-12-20T06:50:27.634Z] warn Check URL
[2020-12-20T06:50:27.734Z] warn login first
[2020-12-20T06:50:27.773Z] warn Check URL
[2020-12-20T06:50:27.912Z] warn login first
[2020-12-20T06:50:27.949Z] warn Check URL
[2020-12-20T06:50:28.057Z] warn login first
[2020-12-20T06:50:28.092Z] warn Check URL
[2020-12-20T06:50:28.198Z] warn login first
[2020-12-20T06:50:28.235Z] warn Check URL
[2020-12-20T06:50:28.334Z] warn login first
[2020-12-20T06:50:28.372Z] warn Check URL
[2020-12-20T06:50:28.488Z] warn login first
[2020-12-20T06:50:28.521Z] warn Check URL
[2020-12-20T06:50:28.631Z] warn login first
[2020-12-20T06:50:28.667Z] warn Check URL
[2020-12-20T06:50:28.763Z] warn login first
[2020-12-20T06:50:28.798Z] warn Check URL
[2020-12-20T06:50:32.896Z] warn login first
[2020-12-20T06:50:33.102Z] warn Check URL
[2020-12-20T06:51:31.501Z] warn login first
[2020-12-20T06:51:31.684Z] warn Check URL
[2020-12-20T06:51:33.672Z] warn Check URL
[2020-12-20T06:51:33.726Z] warn Check URL
[2020-12-20T06:51:37.171Z] warn login first
[2020-12-20T06:51:37.210Z] warn Check URL
[2020-12-20T06:51:59.442Z] warn Check URL
[2020-12-20T06:51:59.492Z] warn Check URL
[2020-12-20T06:52:09.890Z] warn Check URL
[2020-12-20T06:52:14.498Z] warn login first
[2020-12-20T06:52:14.539Z] warn Check URL
[2020-12-20T06:52:23.102Z] info get all product by postgreSQL success
[2020-12-20T06:52:24.887Z] warn login first
[2020-12-20T06:52:24.925Z] warn Check URL
[2020-12-20T06:52:50.039Z] warn login first
[2020-12-20T06:52:50.086Z] warn Check URL
[2020-12-20T06:53:01.640Z] warn login first
[2020-12-20T06:53:01.718Z] warn Check URL
[2020-12-20T06:53:03.375Z] warn login first
[2020-12-20T06:53:03.415Z] warn Check URL
[2020-12-20T06:53:54.280Z] info Server running on port 8888
[2020-12-20T06:53:54.303Z] info Connection to redis OKE
[2020-12-20T06:53:54.417Z] info Database Connect
[2020-12-20T06:53:58.482Z] warn login first
[2020-12-20T06:53:58.615Z] warn Check URL
[2020-12-20T06:54:06.535Z] info Server running on port 8888
[2020-12-20T06:54:06.576Z] info Connection to redis OKE
[2020-12-20T06:54:06.986Z] info Database Connect
[2020-12-20T06:54:48.257Z] info Server running on port 8888
[2020-12-20T06:54:48.293Z] info Connection to redis OKE
[2020-12-20T06:54:48.392Z] info Database Connect
[2020-12-20T06:54:51.141Z] warn login first
[2020-12-20T06:54:51.248Z] warn Check URL
[2020-12-20T06:54:56.608Z] info get all product by postgreSQL success
[2020-12-20T06:55:24.086Z] info Server running on port 8888
[2020-12-20T06:55:24.117Z] info Connection to redis OKE
[2020-12-20T06:55:24.230Z] info Database Connect
[2020-12-20T06:55:25.189Z] info set token succes
[2020-12-20T06:55:25.190Z] info login success
[2020-12-20T06:55:34.291Z] info get all product by postgreSQL success
[2020-12-20T06:55:37.872Z] warn login first
[2020-12-20T06:55:37.912Z] warn Check URL
[2020-12-20T06:55:39.039Z] warn login first
[2020-12-20T06:55:39.077Z] warn Check URL
[2020-12-20T06:55:39.321Z] warn login first
[2020-12-20T06:55:39.355Z] warn Check URL
[2020-12-20T06:55:39.455Z] warn login first
[2020-12-20T06:55:39.490Z] warn Check URL
[2020-12-20T06:55:39.599Z] warn login first
[2020-12-20T06:55:39.635Z] warn Check URL
[2020-12-20T06:55:39.726Z] warn login first
[2020-12-20T06:55:39.763Z] warn Check URL
[2020-12-20T06:55:39.878Z] warn login first
[2020-12-20T06:55:39.915Z] warn Check URL
[2020-12-20T06:55:40.006Z] warn login first
[2020-12-20T06:55:40.042Z] warn Check URL
[2020-12-20T06:55:40.159Z] warn login first
[2020-12-20T06:55:40.207Z] warn Check URL
[2020-12-20T06:55:57.116Z] warn login first
[2020-12-20T06:55:57.152Z] warn Check URL
[2020-12-20T06:56:04.964Z] warn login first
[2020-12-20T06:56:05.005Z] warn Check URL
[2020-12-20T06:56:14.996Z] info Server running on port 8888
[2020-12-20T06:56:15.023Z] info Connection to redis OKE
[2020-12-20T06:56:15.135Z] info Database Connect
[2020-12-20T06:56:15.296Z] warn login first
[2020-12-20T06:56:15.351Z] warn Check URL
[2020-12-20T06:56:15.834Z] warn login first
[2020-12-20T06:56:15.876Z] warn Check URL
[2020-12-20T06:56:16.110Z] warn login first
[2020-12-20T06:56:16.150Z] warn Check URL
[2020-12-20T06:56:18.938Z] info get all product by postgreSQL success
[2020-12-20T06:56:19.001Z] warn Check URL
[2020-12-20T06:56:22.369Z] warn login first
[2020-12-20T06:56:22.408Z] warn Check URL
[2020-12-20T06:56:24.968Z] info get all product by postgreSQL success
[2020-12-20T06:56:25.013Z] warn Check URL
[2020-12-20T06:56:37.568Z] info Server running on port 8888
[2020-12-20T06:56:37.586Z] info Connection to redis OKE
[2020-12-20T06:56:37.708Z] info Database Connect
[2020-12-20T06:56:37.890Z] warn login first
[2020-12-20T06:56:37.962Z] warn Check URL
[2020-12-20T06:58:23.042Z] info set token succes
[2020-12-20T06:58:23.042Z] info login success
[2020-12-20T06:58:30.912Z] info get all product by redis success
[2020-12-20T06:58:53.149Z] warn you not premitted
[2020-12-20T06:59:02.433Z] info set token succes
[2020-12-20T06:59:02.434Z] info login success
[2020-12-20T06:59:27.168Z] info get product with id success
[2020-12-20T06:59:53.749Z] info get all product by redis success
[2020-12-20T07:00:01.669Z] warn login first
[2020-12-20T07:00:01.710Z] warn Check URL
[2020-12-20T07:00:02.887Z] warn login first
[2020-12-20T07:00:02.925Z] warn Check URL
[2020-12-20T07:00:03.033Z] warn login first
[2020-12-20T07:00:03.068Z] warn Check URL
[2020-12-20T07:00:03.268Z] warn login first
[2020-12-20T07:00:03.303Z] warn Check URL
[2020-12-20T07:00:46.562Z] info Server running on port 8888
[2020-12-20T07:00:46.585Z] info Connection to redis OKE
[2020-12-20T07:00:46.752Z] info Database Connect
[2020-12-20T07:00:51.697Z] info Server running on port 8888
[2020-12-20T07:00:51.713Z] info Connection to redis OKE
[2020-12-20T07:00:51.826Z] info Database Connect
[2020-12-20T07:01:29.205Z] warn login first
[2020-12-20T07:01:29.250Z] warn Check URL
[2020-12-20T07:01:29.671Z] warn login first
[2020-12-20T07:01:29.711Z] warn Check URL
[2020-12-20T07:02:21.754Z] info Server running on port 8888
[2020-12-20T07:02:21.787Z] info Connection to redis OKE
[2020-12-20T07:02:21.934Z] info Database Connect
[2020-12-20T07:04:09.762Z] info get all product by redis success
[2020-12-20T07:04:12.900Z] warn login first
[2020-12-20T07:04:12.949Z] warn Check URL
[2020-12-20T07:04:13.882Z] warn login first
[2020-12-20T07:04:13.920Z] warn Check URL
[2020-12-20T07:04:14.018Z] warn login first
[2020-12-20T07:04:14.053Z] warn Check URL
[2020-12-20T07:04:22.822Z] info get all product by redis success
[2020-12-20T07:04:27.983Z] warn login first
[2020-12-20T07:04:28.021Z] warn Check URL
[2020-12-20T07:04:28.134Z] warn login first
[2020-12-20T07:04:28.169Z] warn Check URL
[2020-12-20T07:04:28.289Z] warn login first
[2020-12-20T07:04:28.324Z] warn Check URL
[2020-12-20T07:04:28.434Z] warn login first
[2020-12-20T07:04:28.468Z] warn Check URL
[2020-12-20T07:04:28.552Z] warn login first
[2020-12-20T07:04:28.589Z] warn Check URL
[2020-12-20T07:08:20.968Z] warn login first
[2020-12-20T07:08:21.021Z] warn Check URL
[2020-12-20T07:08:21.545Z] warn login first
[2020-12-20T07:08:21.597Z] warn Check URL
[2020-12-20T07:08:21.744Z] warn login first
[2020-12-20T07:08:21.775Z] warn Check URL
[2020-12-20T07:08:21.918Z] warn login first
[2020-12-20T07:08:21.952Z] warn Check URL
[2020-12-20T07:08:22.072Z] warn login first
[2020-12-20T07:08:22.125Z] warn Check URL
[2020-12-20T07:08:22.238Z] warn login first
[2020-12-20T07:08:22.271Z] warn Check URL
[2020-12-20T07:08:24.694Z] warn login first
[2020-12-20T07:08:24.738Z] warn Check URL
[2020-12-20T07:08:24.869Z] warn login first
[2020-12-20T07:08:24.928Z] warn Check URL
[2020-12-20T07:08:25.037Z] warn login first
[2020-12-20T07:08:25.071Z] warn Check URL
[2020-12-20T07:08:25.182Z] warn login first
[2020-12-20T07:08:25.218Z] warn Check URL
[2020-12-20T07:08:37.477Z] info Server running on port 8888
[2020-12-20T07:08:37.498Z] info Connection to redis OKE
[2020-12-20T07:08:37.599Z] info Database Connect
[2020-12-20T07:08:41.955Z] warn login first
[2020-12-20T07:08:42.031Z] warn Check URL
[2020-12-20T07:08:46.239Z] info Server running on port 8888
[2020-12-20T07:08:46.254Z] info Connection to redis OKE
[2020-12-20T07:08:46.389Z] info Database Connect
[2020-12-20T07:08:50.453Z] warn login first
[2020-12-20T07:08:50.519Z] warn Check URL
[2020-12-20T07:09:06.725Z] info set token succes
[2020-12-20T07:09:06.726Z] info login success
[2020-12-20T07:09:15.342Z] info get all product by redis success
[2020-12-20T07:09:18.232Z] warn login first
[2020-12-20T07:09:18.277Z] warn Check URL
[2020-12-20T07:09:19.567Z] warn login first
[2020-12-20T07:09:19.605Z] warn Check URL
[2020-12-20T07:09:27.157Z] info get all product by redis success
[2020-12-20T07:09:30.028Z] warn login first
[2020-12-20T07:09:30.063Z] warn Check URL
[2020-12-20T07:09:30.167Z] warn login first
[2020-12-20T07:09:30.205Z] warn Check URL
[2020-12-20T07:09:30.327Z] warn login first
[2020-12-20T07:09:30.362Z] warn Check URL
[2020-12-20T07:09:30.473Z] warn login first
[2020-12-20T07:09:30.508Z] warn Check URL
[2020-12-20T07:09:30.647Z] warn login first
[2020-12-20T07:09:30.681Z] warn Check URL
[2020-12-20T07:09:30.815Z] warn login first
[2020-12-20T07:09:30.849Z] warn Check URL
[2020-12-20T07:09:59.400Z] warn login first
[2020-12-20T07:09:59.438Z] warn Check URL
[2020-12-20T07:10:23.495Z] info get all product by redis success
[2020-12-20T07:10:25.896Z] warn login first
[2020-12-20T07:10:25.942Z] warn Check URL
[2020-12-20T07:10:26.375Z] warn login first
[2020-12-20T07:10:26.412Z] warn Check URL
[2020-12-20T07:10:37.647Z] warn login first
[2020-12-20T07:10:37.690Z] warn Check URL
[2020-12-20T07:10:41.494Z] warn login first
[2020-12-20T07:10:41.798Z] warn Check URL
[2020-12-20T07:11:02.599Z] info Server running on port 8888
[2020-12-20T07:11:02.629Z] info Connection to redis OKE
[2020-12-20T07:11:02.735Z] info Database Connect
[2020-12-20T07:11:09.216Z] info set token succes
[2020-12-20T07:11:09.217Z] info login success
[2020-12-20T07:11:17.235Z] info get all product by redis success
[2020-12-20T07:11:22.192Z] warn login first
[2020-12-20T07:11:22.408Z] warn Check URL
[2020-12-20T07:11:50.089Z] info Server running on port 8888
[2020-12-20T07:11:50.105Z] info Connection to redis OKE
[2020-12-20T07:11:50.225Z] info Database Connect
[2020-12-20T07:12:01.996Z] info get all product by redis success
[2020-12-20T07:12:11.177Z] warn login first
[2020-12-20T07:12:23.384Z] info Server running on port 8888
[2020-12-20T07:12:23.446Z] info Connection to redis OKE
[2020-12-20T07:12:23.675Z] info Database Connect
[2020-12-20T07:12:30.565Z] info get all product by redis success
[2020-12-20T07:12:39.695Z] warn login first
[2020-12-20T07:12:39.887Z] warn Check URL
[2020-12-20T07:12:53.981Z] info set token succes
[2020-12-20T07:12:53.982Z] info login success
[2020-12-20T07:13:00.500Z] info get all product by redis success
[2020-12-20T07:13:03.084Z] warn login first
[2020-12-20T07:13:03.127Z] warn Check URL
[2020-12-20T07:13:03.640Z] warn login first
[2020-12-20T07:13:03.677Z] warn Check URL
[2020-12-20T07:13:03.846Z] warn login first
[2020-12-20T07:13:03.879Z] warn Check URL
[2020-12-20T07:13:04.009Z] warn login first
[2020-12-20T07:13:04.042Z] warn Check URL
[2020-12-20T07:13:04.150Z] warn login first
[2020-12-20T07:13:04.183Z] warn Check URL
[2020-12-20T07:13:04.319Z] warn login first
[2020-12-20T07:13:04.353Z] warn Check URL
[2020-12-20T07:13:04.472Z] warn login first
[2020-12-20T07:13:04.504Z] warn Check URL
[2020-12-20T07:13:04.630Z] warn login first
[2020-12-20T07:13:04.662Z] warn Check URL
[2020-12-20T07:13:04.782Z] warn login first
[2020-12-20T07:13:04.816Z] warn Check URL
[2020-12-20T07:13:06.230Z] warn login first
[2020-12-20T07:13:06.266Z] warn Check URL
[2020-12-20T07:13:06.377Z] warn login first
[2020-12-20T07:13:06.408Z] warn Check URL
[2020-12-20T07:13:06.496Z] warn login first
[2020-12-20T07:13:06.532Z] warn Check URL
[2020-12-20T07:13:06.640Z] warn login first
[2020-12-20T07:13:06.671Z] warn Check URL
[2020-12-20T07:13:06.761Z] warn login first
[2020-12-20T07:13:06.795Z] warn Check URL
[2020-12-20T07:13:07.719Z] warn login first
[2020-12-20T07:13:07.754Z] warn Check URL
[2020-12-20T07:13:07.878Z] warn login first
[2020-12-20T07:13:07.911Z] warn Check URL
[2020-12-20T07:13:08.024Z] warn login first
[2020-12-20T07:13:08.060Z] warn Check URL
[2020-12-20T07:13:08.150Z] warn login first
[2020-12-20T07:13:08.184Z] warn Check URL
[2020-12-20T07:13:08.966Z] warn login first
[2020-12-20T07:13:09.008Z] warn Check URL
[2020-12-20T07:13:09.103Z] warn login first
[2020-12-20T07:13:09.143Z] warn Check URL
[2020-12-20T07:13:09.226Z] warn login first
[2020-12-20T07:13:09.261Z] warn Check URL
[2020-12-20T07:13:22.045Z] info Server running on port 8888
[2020-12-20T07:13:22.082Z] info Connection to redis OKE
[2020-12-20T07:13:22.194Z] info Database Connect
[2020-12-20T07:13:27.725Z] warn login first
[2020-12-20T07:13:27.781Z] warn Check URL
[2020-12-20T07:13:51.667Z] info set token succes
[2020-12-20T07:13:51.668Z] info login success
[2020-12-20T07:13:58.331Z] info get all product by postgreSQL success
[2020-12-20T07:14:01.362Z] warn login first
[2020-12-20T07:14:01.398Z] warn Check URL
